#
# A fatal error has been detected by the Java Runtime Environment:
#
#  Internal Error (javaClasses.cpp:129), pid=6996, tid=6160
#  fatal error: Invalid layout of preloaded class
#
# JRE version: 7.0_07-b10
# Java VM: Java HotSpot(TM) 64-Bit Server VM (23.3-b01 mixed mode windows-amd64 compressed oops)
# Failed to write core dump. Minidumps are not enabled by default on client versions of Windows
#
# If you would like to submit a bug report, please visit:
#   http://bugreport.sun.com/bugreport/crash.jsp
#

---------------  T H R E A D  ---------------

Current thread (0x000000000242c800):  JavaThread "Unknown thread" [_thread_in_vm, id=6160, stack(0x0000000002770000,0x0000000002870000)]

Stack: [0x0000000002770000,0x0000000002870000]

---------------  P R O C E S S  ---------------

Java Threads: ( => current thread )

Other Threads:

=>0x000000000242c800 (exited) JavaThread "Unknown thread" [_thread_in_vm, id=6160, stack(0x0000000002770000,0x0000000002870000)]

VM state:not at safepoint (not fully initialized)

VM Mutex/Monitor currently owned by a thread: None

GC Heap History (0 events):
No events

Deoptimization events (0 events):
No events

Internal exceptions (0 events):
No events

Events (10 events):
Event: 0.008 loading class 0x000000000238fc60 done
Event: 0.008 loading class 0x0000000002351ff0 done
Event: 0.008 loading class 0x0000000002351fc0
Event: 0.008 loading class 0x00000000023dcf70
Event: 0.008 loading class 0x00000000023dcf70 done
Event: 0.008 loading class 0x00000000023dcfb0
Event: 0.008 loading class 0x00000000023dcfb0 done
Event: 0.008 loading class 0x0000000008ccffe0
Event: 0.008 loading class 0x0000000008ccffe0 done
Event: 0.009 loading class 0x0000000002351fc0 done


Dynamic libraries:
0x000000013f8c0000 - 0x000000013f8f4000 	C:\Java\jre7\bin\javaw.exe
0x0000000076e20000 - 0x0000000076fc9000 	C:\Windows\SYSTEM32\ntdll.dll
0x0000000076d00000 - 0x0000000076e1f000 	C:\Windows\system32\kernel32.dll
0x000007fefcfc0000 - 0x000007fefd02b000 	C:\Windows\system32\KERNELBASE.dll
0x000007fefd310000 - 0x000007fefd3eb000 	C:\Windows\system32\ADVAPI32.dll
0x000007feff080000 - 0x000007feff11f000 	C:\Windows\system32\msvcrt.dll
0x000007fefd0b0000 - 0x000007fefd0cf000 	C:\Windows\SYSTEM32\sechost.dll
0x000007fefd3f0000 - 0x000007fefd51d000 	C:\Windows\system32\RPCRT4.dll
0x0000000076c00000 - 0x0000000076cfa000 	C:\Windows\system32\USER32.dll
0x000007fefefc0000 - 0x000007feff027000 	C:\Windows\system32\GDI32.dll
0x000007fefd8b0000 - 0x000007fefd8be000 	C:\Windows\system32\LPK.dll
0x000007fefd8c0000 - 0x000007fefd989000 	C:\Windows\system32\USP10.dll
0x000007fefbbe0000 - 0x000007fefbdd4000 	C:\Windows\WinSxS\amd64_microsoft.windows.common-controls_6595b64144ccf1df_6.0.7601.17514_none_fa396087175ac9ac\COMCTL32.dll
0x000007fefd030000 - 0x000007fefd0a1000 	C:\Windows\system32\SHLWAPI.dll
0x000007fefead0000 - 0x000007fefeafe000 	C:\Windows\system32\IMM32.DLL
0x000007fefed30000 - 0x000007fefee39000 	C:\Windows\system32\MSCTF.dll
0x0000000066410000 - 0x00000000664e1000 	C:\Java\jre7\bin\msvcr100.dll
0x0000000061b10000 - 0x000000006222f000 	C:\Java\jre7\bin\server\jvm.dll
0x000007fef9690000 - 0x000007fef9699000 	C:\Windows\system32\WSOCK32.dll
0x000007feff030000 - 0x000007feff07d000 	C:\Windows\system32\WS2_32.dll
0x000007feff120000 - 0x000007feff128000 	C:\Windows\system32\NSI.dll
0x000007fef8480000 - 0x000007fef84bb000 	C:\Windows\system32\WINMM.dll
0x0000000076fe0000 - 0x0000000076fe7000 	C:\Windows\system32\PSAPI.DLL
0x00000000703e0000 - 0x00000000703ef000 	C:\Java\jre7\bin\verify.dll
0x00000000663e0000 - 0x0000000066408000 	C:\Java\jre7\bin\java.dll
0x00000000663c0000 - 0x00000000663d5000 	C:\Java\jre7\bin\zip.dll

VM Arguments:
jvm_args: -Dfile.encoding=GBK -Xbootclasspath:F:\software\JAVA\android-sdk-windows\platforms\android-15\android.jar 
java_command: com.ven.test.Test
Launcher Type: SUN_STANDARD

Environment Variables:
JAVA_HOME=C:\Java\jdk1.7.0_07
CLASSPATH=.;C:\Java\jdk1.7.0_07\lib;C:\Java\jdk1.7.0_07\lib\dt.jar;C:\Java\jdk1.7.0_07\lib\tools.jar;TOMCAT_HOME\lib\servlet.jar
PATH=C:\Program Files (x86)\AMD APP\bin\x86_64;C:\Program Files (x86)\AMD APP\bin\x86;C:\Program Files\Broadcom\Broadcom 802.11 Network Adapter\Driver;;C:\Windows\system32;C:\Windows;C:\Windows\System32\Wbem;C:\Windows\System32\WindowsPowerShell\v1.0\;C:\Program Files (x86)\ATI Technologies\ATI.ACE\Core-Static;C:\Go\bin;C:\Java\jdk1.7.0_07\bin;C:\Java\jdk1.7.0_07\jre\bin;C:\Java\jre7\bin;F:\software\JAVA\android-sdk-windows\platform-tools;F:\software\JAVA\android-sdk-windows\tools;D:\Program Files (x86)\IDM Computer Solutions\UltraEdit\
USERNAME=vector
OS=Windows_NT
PROCESSOR_IDENTIFIER=Intel64 Family 6 Model 42 Stepping 7, GenuineIntel



---------------  S Y S T E M  ---------------

OS: Windows 7 , 64 bit Build 7601 Service Pack 1

CPU:total 4 (2 cores per cpu, 2 threads per core) family 6 model 42 stepping 7, cmov, cx8, fxsr, mmx, sse, sse2, sse3, ssse3, sse4.1, sse4.2, popcnt, avx, ht, tsc, tscinvbit

Memory: 4k page, physical 4136816k(1319364k free), swap 8271768k(4142840k free)

vm_info: Java HotSpot(TM) 64-Bit Server VM (23.3-b01) for windows-amd64 JRE (1.7.0_07-b10), built on Aug 28 2012 18:28:27 by "java_re" with unknown MS VC++:1600

time: Tue Nov 26 14:54:18 2013
elapsed time: 0 seconds

